#! /mingw64/bin/vvp
:ivl_version "12.0 (devel)" "(s20150603-1148-gef01dd1e)";
:ivl_delay_selection "TYPICAL";
:vpi_time_precision + 0;
:vpi_module "C:\msys64\mingw64\lib\ivl\system.vpi";
:vpi_module "C:\msys64\mingw64\lib\ivl\vhdl_sys.vpi";
:vpi_module "C:\msys64\mingw64\lib\ivl\vhdl_textio.vpi";
:vpi_module "C:\msys64\mingw64\lib\ivl\v2005_math.vpi";
:vpi_module "C:\msys64\mingw64\lib\ivl\va_math.vpi";
S_000002149efa6c70 .scope module, "m21" "m21" 2 1;
 .timescale 0 0;
    .port_info 0 /INPUT 1 "D0";
    .port_info 1 /INPUT 1 "D1";
    .port_info 2 /INPUT 1 "S";
    .port_info 3 /OUTPUT 1 "Y";
o000002149efa6ea8 .functor BUFZ 1, C4<z>; HiZ drive
v000002149efa6e00_0 .net "D0", 0 0, o000002149efa6ea8;  0 drivers
o000002149efa6ed8 .functor BUFZ 1, C4<z>; HiZ drive
v000002149ef72b20_0 .net "D1", 0 0, o000002149efa6ed8;  0 drivers
o000002149efa6f08 .functor BUFZ 1, C4<z>; HiZ drive
v000002149f13d780_0 .net "S", 0 0, o000002149efa6f08;  0 drivers
v000002149f13d820_0 .var "Y", 0 0;
E_000002149efa4eb0 .event anyedge, v000002149f13d780_0, v000002149ef72b20_0, v000002149efa6e00_0;
    .scope S_000002149efa6c70;
T_0 ;
    %wait E_000002149efa4eb0;
    %load/vec4 v000002149f13d780_0;
    %flag_set/vec4 8;
    %jmp/0xz  T_0.0, 8;
    %load/vec4 v000002149ef72b20_0;
    %store/vec4 v000002149f13d820_0, 0, 1;
    %jmp T_0.1;
T_0.0 ;
    %load/vec4 v000002149efa6e00_0;
    %store/vec4 v000002149f13d820_0, 0, 1;
T_0.1 ;
    %jmp T_0;
    .thread T_0, $push;
# The file index is used to find the file name in the following table.
:file_names 3;
    "N/A";
    "<interactive>";
    "2_1.v";
