#! /mingw64/bin/vvp
:ivl_version "12.0 (devel)" "(s20150603-1148-gef01dd1e)";
:ivl_delay_selection "TYPICAL";
:vpi_time_precision + 0;
:vpi_module "C:\msys64\mingw64\lib\ivl\system.vpi";
:vpi_module "C:\msys64\mingw64\lib\ivl\vhdl_sys.vpi";
:vpi_module "C:\msys64\mingw64\lib\ivl\vhdl_textio.vpi";
:vpi_module "C:\msys64\mingw64\lib\ivl\v2005_math.vpi";
:vpi_module "C:\msys64\mingw64\lib\ivl\va_math.vpi";
S_000002def381b290 .scope module, "top" "top" 2 3;
 .timescale 0 0;
v000002def381b990_0 .var "d0", 0 0;
v000002def381ba30_0 .var "d1", 0 0;
v000002def381bad0_0 .net "out", 0 0, v000002def381b8f0_0;  1 drivers
v000002def381bb70_0 .var "s", 0 0;
S_000002def381b420 .scope module, "name" "m21" 2 6, 3 1 0, S_000002def381b290;
 .timescale 0 0;
    .port_info 0 /INPUT 1 "D0";
    .port_info 1 /INPUT 1 "D1";
    .port_info 2 /INPUT 1 "S";
    .port_info 3 /OUTPUT 1 "Y";
v000002def3819140_0 .net "D0", 0 0, v000002def381b990_0;  1 drivers
v000002def36b5d00_0 .net "D1", 0 0, v000002def381ba30_0;  1 drivers
v000002def3682b60_0 .net "S", 0 0, v000002def381bb70_0;  1 drivers
v000002def381b8f0_0 .var "Y", 0 0;
E_000002def381c710 .event anyedge, v000002def3682b60_0, v000002def36b5d00_0, v000002def3819140_0;
    .scope S_000002def381b420;
T_0 ;
    %wait E_000002def381c710;
    %load/vec4 v000002def3682b60_0;
    %flag_set/vec4 8;
    %jmp/0xz  T_0.0, 8;
    %load/vec4 v000002def36b5d00_0;
    %store/vec4 v000002def381b8f0_0, 0, 1;
    %jmp T_0.1;
T_0.0 ;
    %load/vec4 v000002def3819140_0;
    %store/vec4 v000002def381b8f0_0, 0, 1;
T_0.1 ;
    %jmp T_0;
    .thread T_0, $push;
    .scope S_000002def381b290;
T_1 ;
    %pushi/vec4 0, 0, 1;
    %store/vec4 v000002def381b990_0, 0, 1;
    %pushi/vec4 0, 0, 1;
    %store/vec4 v000002def381ba30_0, 0, 1;
    %pushi/vec4 0, 0, 1;
    %store/vec4 v000002def381bb70_0, 0, 1;
    %delay 100, 0;
    %vpi_call 2 12 "$finish" {0 0 0};
    %end;
    .thread T_1;
    .scope S_000002def381b290;
T_2 ;
    %delay 40, 0;
    %load/vec4 v000002def381b990_0;
    %inv;
    %store/vec4 v000002def381b990_0, 0, 1;
    %jmp T_2;
    .thread T_2;
    .scope S_000002def381b290;
T_3 ;
    %delay 20, 0;
    %load/vec4 v000002def381ba30_0;
    %inv;
    %store/vec4 v000002def381ba30_0, 0, 1;
    %jmp T_3;
    .thread T_3;
    .scope S_000002def381b290;
T_4 ;
    %delay 10, 0;
    %load/vec4 v000002def381bb70_0;
    %inv;
    %store/vec4 v000002def381bb70_0, 0, 1;
    %jmp T_4;
    .thread T_4;
    .scope S_000002def381b290;
T_5 ;
    %wait E_000002def381c710;
    %vpi_call 2 18 "$monitor", "At time = %t, Output = %d", $time, v000002def381bad0_0 {0 0 0};
    %jmp T_5;
    .thread T_5, $push;
# The file index is used to find the file name in the following table.
:file_names 4;
    "N/A";
    "<interactive>";
    "2_1_tb.v";
    "./2_1.v";
