#! /mingw64/bin/vvp
:ivl_version "12.0 (devel)" "(s20150603-1148-gef01dd1e)";
:ivl_delay_selection "TYPICAL";
:vpi_time_precision + 0;
:vpi_module "C:\msys64\mingw64\lib\ivl\system.vpi";
:vpi_module "C:\msys64\mingw64\lib\ivl\vhdl_sys.vpi";
:vpi_module "C:\msys64\mingw64\lib\ivl\vhdl_textio.vpi";
:vpi_module "C:\msys64\mingw64\lib\ivl\v2005_math.vpi";
:vpi_module "C:\msys64\mingw64\lib\ivl\va_math.vpi";
S_0000019ca1b567b0 .scope module, "XOR" "XOR" 2 1;
 .timescale 0 0;
    .port_info 0 /OUTPUT 1 "c";
    .port_info 1 /OUTPUT 1 "d";
    .port_info 2 /OUTPUT 1 "e";
    .port_info 3 /OUTPUT 1 "f";
    .port_info 4 /INPUT 1 "a";
    .port_info 5 /INPUT 1 "b";
o0000019ca1b57f98 .functor BUFZ 1, C4<z>; HiZ drive
o0000019ca1b57fc8 .functor BUFZ 1, C4<z>; HiZ drive
L_0000019ca1b23240 .functor OR 1, o0000019ca1b57f98, o0000019ca1b57fc8, C4<0>, C4<0>;
L_0000019ca1b0bad0 .functor NOT 1, o0000019ca1b57f98, C4<0>, C4<0>, C4<0>;
L_0000019ca1b0bb40 .functor AND 1, o0000019ca1b57f98, o0000019ca1b57fc8, C4<1>, C4<1>;
L_0000019ca1b0bbb0 .functor XOR 1, o0000019ca1b57f98, o0000019ca1b57fc8, C4<0>, C4<0>;
v0000019ca1b22e00_0 .net "a", 0 0, o0000019ca1b57f98;  0 drivers
v0000019ca1b22b60_0 .net "b", 0 0, o0000019ca1b57fc8;  0 drivers
v0000019ca1b56940_0 .net "c", 0 0, L_0000019ca1b23240;  1 drivers
v0000019ca1b569e0_0 .net "d", 0 0, L_0000019ca1b0bad0;  1 drivers
v0000019ca1b56a80_0 .net "e", 0 0, L_0000019ca1b0bb40;  1 drivers
v0000019ca1b0ba30_0 .net "f", 0 0, L_0000019ca1b0bbb0;  1 drivers
# The file index is used to find the file name in the following table.
:file_names 3;
    "N/A";
    "<interactive>";
    "./XOR_GATE1.v";
